<?xml version="1.0" encoding="UTF-8"?>
<!-- Generated by org.testng.reporters.JUnitXMLReporter -->
<testsuite hostname="testinglaptop" ignored="0" name="Test1" tests="4" failures="4" timestamp="2023-03-07T15:34:33 IST" time="24.757" errors="0">
  <testcase name="createContactWithOrganizationTest" time="0.001" classname="crm.vtiger.contacts.CreateContactWithOrganizationTest">
    <failure type="java.lang.NullPointerException">
      <![CDATA[java.lang.NullPointerException
at com.tyss.genericUtiltiy.Misc.ReportUtility.info(ReportUtility.java:127)
at crm.vtiger.contacts.CreateContactWithOrganizationTest.createContactWithOrganizationTest(CreateContactWithOrganizationTest.java:35)
at java.util.concurrent.ThreadPoolExecutor.runWorker(ThreadPoolExecutor.java:1149)
at java.util.concurrent.ThreadPoolExecutor$Worker.run(ThreadPoolExecutor.java:624)
at java.lang.Thread.run(Thread.java:748)
... Removed 12 stack frames]]>
    </failure>
  </testcase> <!-- createContactWithOrganizationTest -->
  <testcase name="selectDateInOrgCalenderTest" time="0.006" classname="crm.vtiger.organization.SelectDateInOrgCalenderTest">
    <failure type="java.lang.NullPointerException">
      <![CDATA[java.lang.NullPointerException
at com.tyss.genericUtiltiy.Misc.ReportUtility.info(ReportUtility.java:127)
at crm.vtiger.organization.SelectDateInOrgCalenderTest.selectDateInOrgCalenderTest(SelectDateInOrgCalenderTest.java:25)
at java.util.concurrent.ThreadPoolExecutor.runWorker(ThreadPoolExecutor.java:1149)
at java.util.concurrent.ThreadPoolExecutor$Worker.run(ThreadPoolExecutor.java:624)
at java.lang.Thread.run(Thread.java:748)
... Removed 12 stack frames]]>
    </failure>
  </testcase> <!-- selectDateInOrgCalenderTest -->
  <testcase name="createContactTest" time="0.002" classname="crm.vtiger.contacts.CreateContactTest">
    <failure type="java.lang.NullPointerException">
      <![CDATA[java.lang.NullPointerException
at com.tyss.genericUtiltiy.Misc.ReportUtility.info(ReportUtility.java:127)
at crm.vtiger.contacts.CreateContactTest.createContactTest(CreateContactTest.java:27)
at java.util.concurrent.ThreadPoolExecutor.runWorker(ThreadPoolExecutor.java:1149)
at java.util.concurrent.ThreadPoolExecutor$Worker.run(ThreadPoolExecutor.java:624)
at java.lang.Thread.run(Thread.java:748)
... Removed 12 stack frames]]>
    </failure>
  </testcase> <!-- createContactTest -->
  <testcase name="selectOrganizationInListTest" time="5.32" classname="crm.vtiger.organization.SelectOrganizationInListTest">
    <failure type="java.lang.NullPointerException">
      <![CDATA[java.lang.NullPointerException
at com.tyss.genericUtiltiy.Misc.ReportUtility.info(ReportUtility.java:127)
at crm.vtiger.organization.SelectOrganizationInListTest.selectOrganizationInListTest(SelectOrganizationInListTest.java:25)
at java.util.concurrent.ThreadPoolExecutor.runWorker(ThreadPoolExecutor.java:1149)
at java.util.concurrent.ThreadPoolExecutor$Worker.run(ThreadPoolExecutor.java:624)
at java.lang.Thread.run(Thread.java:748)
... Removed 12 stack frames]]>
    </failure>
  </testcase> <!-- selectOrganizationInListTest -->
</testsuite> <!-- Test1 -->
