<?xml version="1.0" encoding="UTF-8"?>
<testng-results skipped="0" failed="0" ignored="0" total="1" passed="1">
  <reporter-output>
  </reporter-output>
  <suite name="Suite" duration-ms="33" started-at="2023-03-07T17:32:19 IST" finished-at="2023-03-07T17:32:19 IST">
    <groups>
    </groups>
    <test name="Test" duration-ms="33" started-at="2023-03-07T17:32:19 IST" finished-at="2023-03-07T17:32:19 IST">
      <class name="crm.vtiger.practice.MavenPracgtice">
        <test-method status="PASS" signature="test()[pri:0, instance:crm.vtiger.practice.MavenPracgtice@7f13d6e]" name="test" duration-ms="4" started-at="2023-03-07T17:32:19 IST" finished-at="2023-03-07T17:32:19 IST">
          <reporter-output>
          </reporter-output>
        </test-method> <!-- test -->
      </class> <!-- crm.vtiger.practice.MavenPracgtice -->
    </test> <!-- Test -->
  </suite> <!-- Suite -->
</testng-results>
