<?xml version="1.0" encoding="UTF-8"?>
<testng-results ignored="0" total="1" passed="1" failed="0" skipped="0">
  <reporter-output>
  </reporter-output>
  <suite started-at="2023-03-07T17:39:01 IST" name="Default suite" finished-at="2023-03-07T17:39:01 IST" duration-ms="29">
    <groups>
    </groups>
    <test started-at="2023-03-07T17:39:01 IST" name="Default test" finished-at="2023-03-07T17:39:01 IST" duration-ms="29">
      <class name="crm.vtiger.practice.MavenPracgtice">
        <test-method signature="test()[pri:0, instance:crm.vtiger.practice.MavenPracgtice@156b88f5]" started-at="2023-03-07T17:39:01 IST" name="test" finished-at="2023-03-07T17:39:01 IST" duration-ms="4" status="PASS">
          <reporter-output>
          </reporter-output>
        </test-method> <!-- test -->
      </class> <!-- crm.vtiger.practice.MavenPracgtice -->
    </test> <!-- Default test -->
  </suite> <!-- Default suite -->
</testng-results>
