<?xml version="1.0" encoding="UTF-8"?>
<testng-results ignored="0" total="1" passed="1" failed="0" skipped="0">
  <reporter-output>
  </reporter-output>
  <suite started-at="2023-03-08T13:18:37 IST" name="Default suite" finished-at="2023-03-08T13:22:13 IST" duration-ms="216650">
    <groups>
    </groups>
    <test started-at="2023-03-08T13:18:37 IST" name="Default test" finished-at="2023-03-08T13:22:13 IST" duration-ms="216650">
      <class name="crm.vtiger.practice.AllenSolly">
        <test-method signature="test()[pri:0, instance:crm.vtiger.practice.AllenSolly@156b88f5]" started-at="2023-03-08T13:18:37 IST" name="test" finished-at="2023-03-08T13:22:13 IST" duration-ms="216575" status="PASS">
          <reporter-output>
          </reporter-output>
        </test-method> <!-- test -->
      </class> <!-- crm.vtiger.practice.AllenSolly -->
    </test> <!-- Default test -->
  </suite> <!-- Default suite -->
</testng-results>
